<?xml version="1.0" encoding="UTF-8"?>
<!-- Generated by org.testng.reporters.JUnitXMLReporter -->
<testsuite ignored="0" hostname="DESKTOP-V9361ET" failures="0" tests="4" name="GRP-userreg" time="0.157" errors="0" timestamp="2022-08-18T03:00:14 IST">
  <testcase classname="com.amazone.testing.GroupsDemoTest" name="homepage" time="0.023"/>
  <testcase classname="com.amazone.testing.GroupsDemoTest" name="mobileCategory" time="0.004"/>
  <testcase classname="com.amazone.testing.GroupsDemoTest" name="signup" time="0.012"/>
  <testcase classname="com.amazone.testing.GroupsDemoTest" name="login" time="0.004"/>
</testsuite> <!-- GRP-userreg -->
