<?xml version="1.0" encoding="UTF-8"?>
<!-- Generated by org.testng.reporters.JUnitXMLReporter -->
<testsuite ignored="1" hostname="DESKTOP-V9361ET" failures="0" tests="3" name="GRP-regression" time="0.14" errors="0" timestamp="2022-08-18T02:57:49 IST">
  <testcase classname="com.amazone.testing.GroupsDemoTest" name="homepage" time="0.023"/>
  <testcase classname="com.amazone.testing.GroupsDemoTest" name="signup" time="0.005"/>
  <testcase classname="com.amazone.testing.GroupsDemoTest" name="login" time="0.005"/>
  <testcase classname="com.amazone.testing.GroupsDemoTest" name="mobileCategory" time="0.0">
    <ignored/>
  </testcase> <!-- mobileCategory -->
</testsuite> <!-- GRP-regression -->
