<?xml version="1.0" encoding="UTF-8"?>
<!-- Generated by org.testng.reporters.JUnitXMLReporter -->
<testsuite ignored="2" hostname="DESKTOP-V9361ET" failures="0" tests="2" name="GRP-bvt" time="0.13" errors="0" timestamp="2022-08-18T02:56:31 IST">
  <testcase classname="com.amazone.testing.GroupsDemoTest" name="homepage" time="0.032"/>
  <testcase classname="com.amazone.testing.GroupsDemoTest" name="mobileCategory" time="0.003"/>
  <testcase classname="com.amazone.testing.GroupsDemoTest" name="signup" time="0.0">
    <ignored/>
  </testcase> <!-- signup -->
  <testcase classname="com.amazone.testing.GroupsDemoTest" name="login" time="0.0">
    <ignored/>
  </testcase> <!-- login -->
</testsuite> <!-- GRP-bvt -->
