<?xml version="1.0" encoding="UTF-8"?>
<!-- Generated by org.testng.reporters.JUnitXMLReporter -->
<testsuite ignored="0" hostname="DESKTOP-V9361ET" failures="0" tests="1" name="Test" time="0.84" errors="0" timestamp="2022-08-27T12:10:23 IST">
  <testcase classname="com.amazone.testing.ReadingfromXml" name="@BeforeClass launchApplication" time="0.735">
    <failure type="io.github.bonigarcia.wdm.config.WebDriverManagerException" message="java.net.UnknownHostException: api.github.com">
      <![CDATA[io.github.bonigarcia.wdm.config.WebDriverManagerException: java.net.UnknownHostException: api.github.com
at io.github.bonigarcia.wdm.WebDriverManager.handleException(WebDriverManager.java:1416)
at io.github.bonigarcia.wdm.WebDriverManager.manage(WebDriverManager.java:1197)
at io.github.bonigarcia.wdm.WebDriverManager.fallback(WebDriverManager.java:1432)
at io.github.bonigarcia.wdm.WebDriverManager.handleException(WebDriverManager.java:1409)
at io.github.bonigarcia.wdm.WebDriverManager.manage(WebDriverManager.java:1197)
at io.github.bonigarcia.wdm.WebDriverManager.setup(WebDriverManager.java:417)
at com.amazone.testing.ReadingfromXml.launchApplication(ReadingfromXml.java:39)
at java.base/java.util.ArrayList.forEach(ArrayList.java:1511)
Caused by: java.net.UnknownHostException: api.github.com
at java.base/java.net.InetAddress$CachedAddresses.get(InetAddress.java:948)
at java.base/java.net.InetAddress.getAllByName0(InetAddress.java:1628)
at java.base/java.net.InetAddress.getAllByName(InetAddress.java:1494)
at org.apache.hc.client5.http.SystemDefaultDnsResolver.resolve(SystemDefaultDnsResolver.java:43)
at org.apache.hc.client5.http.impl.io.DefaultHttpClientConnectionOperator.connect(DefaultHttpClientConnectionOperator.java:118)
at org.apache.hc.client5.http.impl.io.PoolingHttpClientConnectionManager.connect(PoolingHttpClientConnectionManager.java:396)
at org.apache.hc.client5.http.impl.classic.InternalExecRuntime.connectEndpoint(InternalExecRuntime.java:158)
at org.apache.hc.client5.http.impl.classic.InternalExecRuntime.connectEndpoint(InternalExecRuntime.java:168)
at org.apache.hc.client5.http.impl.classic.ConnectExec.execute(ConnectExec.java:136)
at org.apache.hc.client5.http.impl.classic.ExecChainElement.execute(ExecChainElement.java:51)
at org.apache.hc.client5.http.impl.classic.ExecChainElement$1.proceed(ExecChainElement.java:57)
at org.apache.hc.client5.http.impl.classic.ProtocolExec.execute(ProtocolExec.java:175)
at org.apache.hc.client5.http.impl.classic.ExecChainElement.execute(ExecChainElement.java:51)
at org.apache.hc.client5.http.impl.classic.ExecChainElement$1.proceed(ExecChainElement.java:57)
at org.apache.hc.client5.http.impl.classic.HttpRequestRetryExec.execute(HttpRequestRetryExec.java:96)
at org.apache.hc.client5.http.impl.classic.ExecChainElement.execute(ExecChainElement.java:51)
at org.apache.hc.client5.http.impl.classic.ExecChainElement$1.proceed(ExecChainElement.java:57)
at org.apache.hc.client5.http.impl.classic.ContentCompressionExec.execute(ContentCompressionExec.java:133)
at org.apache.hc.client5.http.impl.classic.ExecChainElement.execute(ExecChainElement.java:51)
at org.apache.hc.client5.http.impl.classic.ExecChainElement$1.proceed(ExecChainElement.java:57)
at org.apache.hc.client5.http.impl.classic.RedirectExec.execute(RedirectExec.java:115)
at org.apache.hc.client5.http.impl.classic.ExecChainElement.execute(ExecChainElement.java:51)
at org.apache.hc.client5.http.impl.classic.InternalHttpClient.doExecute(InternalHttpClient.java:170)
at org.apache.hc.client5.http.impl.classic.CloseableHttpClient.execute(CloseableHttpClient.java:75)
at org.apache.hc.client5.http.impl.classic.CloseableHttpClient.execute(CloseableHttpClient.java:89)
at io.github.bonigarcia.wdm.online.HttpClient.execute(HttpClient.java:158)
at io.github.bonigarcia.wdm.WebDriverManager.openGitHubConnection(WebDriverManager.java:1600)
at io.github.bonigarcia.wdm.WebDriverManager.getDriversFromGitHub(WebDriverManager.java:1614)
at io.github.bonigarcia.wdm.managers.InternetExplorerDriverManager.getDriverUrls(InternetExplorerDriverManager.java:98)
at io.github.bonigarcia.wdm.WebDriverManager.createUrlHandler(WebDriverManager.java:1437)
at io.github.bonigarcia.wdm.WebDriverManager.download(WebDriverManager.java:1272)
at io.github.bonigarcia.wdm.WebDriverManager.manage(WebDriverManager.java:1191)
... 29 more
... Removed 23 stack frames]]>
    </failure>
  </testcase> <!-- @BeforeClass launchApplication -->
  <testcase classname="com.amazone.testing.ReadingfromXml" name="facebook" time="0.0">
    <skipped/>
  </testcase> <!-- facebook -->
</testsuite> <!-- Test -->
