<?xml version="1.0" encoding="UTF-8"?>
<!-- Generated by org.testng.reporters.JUnitXMLReporter -->
<testsuite ignored="1" hostname="DESKTOP-V9361ET" failures="0" tests="12" name="Test" time="7.822" errors="0" timestamp="2022-08-18T03:24:54 IST">
  <testcase classname="com.amazone.testing.Test2" name="signup" time="0.038"/>
  <testcase classname="com.amazone.testing.Test3" name="homepage" time="0.02"/>
  <testcase classname="com.amazone.testing.Test3" name="login" time="0.009"/>
  <testcase classname="com.amazone.testing.Test3" name="signup" time="0.011"/>
  <testcase classname="com.amazone.testing.Test2" name="login" time="0.007"/>
  <testcase classname="com.amazone.testing.Test3" name="bookCategory" time="0.005"/>
  <testcase classname="com.amazone.testing.Test3" name="productDP" time="0.029"/>
  <testcase classname="com.amazone.testing.Test2" name="homepage" time="0.004"/>
  <testcase classname="com.amazone.testing.Test2" name="shoeCategory" time="0.011"/>
  <testcase classname="com.amazone.testing.Test2" name="productDP" time="0.004"/>
  <testcase classname="com.amazone.testing.Test2" name="shippingDetails" time="0.006"/>
  <testcase classname="com.amazone.testing.VerifyTitleTest" name="titleTest" time="7.689"/>
  <testcase classname="com.amazone.testing.Test3" name="shippingDetails" time="0.0">
    <ignored/>
  </testcase> <!-- shippingDetails -->
</testsuite> <!-- Test -->
