<?xml version="1.0" encoding="UTF-8"?>
<testsuite name="Test"
           tests="2"
           failures="1"
           errors="0"
           skipped="1"
           time="0.735">
    <properties></properties>

            <testcase
                name="launchApplication"
                time="0.735"
                classname="com.amazone.testing.ReadingfromXml">

            <failure type="io.github.bonigarcia.wdm.config.WebDriverManagerException" message="java.net.UnknownHostException: api.github.com">
                <![CDATA[io.github.bonigarcia.wdm.config.WebDriverManagerException: java.net.UnknownHostException: api.github.com
                io.github.bonigarcia.wdm.WebDriverManager.handleException(WebDriverManager.java:1416)io.github.bonigarcia.wdm.WebDriverManager.manage(WebDriverManager.java:1197)io.github.bonigarcia.wdm.WebDriverManager.fallback(WebDriverManager.java:1432)io.github.bonigarcia.wdm.WebDriverManager.handleException(WebDriverManager.java:1409)io.github.bonigarcia.wdm.WebDriverManager.manage(WebDriverManager.java:1197)io.github.bonigarcia.wdm.WebDriverManager.setup(WebDriverManager.java:417)com.amazone.testing.ReadingfromXml.launchApplication(ReadingfromXml.java:39)java.base/jdk.internal.reflect.DirectMethodHandleAccessor.invoke(DirectMethodHandleAccessor.java:104)java.base/java.lang.reflect.Method.invoke(Method.java:577)org.testng.internal.MethodInvocationHelper.invokeMethod(MethodInvocationHelper.java:133)org.testng.internal.MethodInvocationHelper.invokeMethodConsideringTimeout(MethodInvocationHelper.java:62)org.testng.internal.ConfigInvoker.invokeConfigurationMethod(ConfigInvoker.java:385)org.testng.internal.ConfigInvoker.invokeConfigurations(ConfigInvoker.java:321)org.testng.internal.TestMethodWorker.invokeBeforeClassMethods(TestMethodWorker.java:176)org.testng.internal.TestMethodWorker.run(TestMethodWorker.java:122)java.base/java.util.ArrayList.forEach(ArrayList.java:1511)org.testng.TestRunner.privateRun(TestRunner.java:794)org.testng.TestRunner.run(TestRunner.java:596)org.testng.SuiteRunner.runTest(SuiteRunner.java:377)org.testng.SuiteRunner.runSequentially(SuiteRunner.java:371)org.testng.SuiteRunner.privateRun(SuiteRunner.java:332)org.testng.SuiteRunner.run(SuiteRunner.java:276)org.testng.SuiteRunnerWorker.runSuite(SuiteRunnerWorker.java:53)org.testng.SuiteRunnerWorker.run(SuiteRunnerWorker.java:96)org.testng.TestNG.runSuitesSequentially(TestNG.java:1212)org.testng.TestNG.runSuitesLocally(TestNG.java:1134)org.testng.TestNG.runSuites(TestNG.java:1063)org.testng.TestNG.run(TestNG.java:1031)org.testng.remote.AbstractRemoteTestNG.run(AbstractRemoteTestNG.java:115)org.testng.remote.RemoteTestNG.initAndRun(RemoteTestNG.java:251)org.testng.remote.RemoteTestNG.main(RemoteTestNG.java:77)
                    Caused by: java.net.UnknownHostException: api.github.com
                    java.base/java.net.InetAddress$CachedAddresses.get(InetAddress.java:948)java.base/java.net.InetAddress.getAllByName0(InetAddress.java:1628)java.base/java.net.InetAddress.getAllByName(InetAddress.java:1494)org.apache.hc.client5.http.SystemDefaultDnsResolver.resolve(SystemDefaultDnsResolver.java:43)org.apache.hc.client5.http.impl.io.DefaultHttpClientConnectionOperator.connect(DefaultHttpClientConnectionOperator.java:118)org.apache.hc.client5.http.impl.io.PoolingHttpClientConnectionManager.connect(PoolingHttpClientConnectionManager.java:396)org.apache.hc.client5.http.impl.classic.InternalExecRuntime.connectEndpoint(InternalExecRuntime.java:158)org.apache.hc.client5.http.impl.classic.InternalExecRuntime.connectEndpoint(InternalExecRuntime.java:168)org.apache.hc.client5.http.impl.classic.ConnectExec.execute(ConnectExec.java:136)org.apache.hc.client5.http.impl.classic.ExecChainElement.execute(ExecChainElement.java:51)org.apache.hc.client5.http.impl.classic.ExecChainElement$1.proceed(ExecChainElement.java:57)org.apache.hc.client5.http.impl.classic.ProtocolExec.execute(ProtocolExec.java:175)org.apache.hc.client5.http.impl.classic.ExecChainElement.execute(ExecChainElement.java:51)org.apache.hc.client5.http.impl.classic.ExecChainElement$1.proceed(ExecChainElement.java:57)org.apache.hc.client5.http.impl.classic.HttpRequestRetryExec.execute(HttpRequestRetryExec.java:96)org.apache.hc.client5.http.impl.classic.ExecChainElement.execute(ExecChainElement.java:51)org.apache.hc.client5.http.impl.classic.ExecChainElement$1.proceed(ExecChainElement.java:57)org.apache.hc.client5.http.impl.classic.ContentCompressionExec.execute(ContentCompressionExec.java:133)org.apache.hc.client5.http.impl.classic.ExecChainElement.execute(ExecChainElement.java:51)org.apache.hc.client5.http.impl.classic.ExecChainElement$1.proceed(ExecChainElement.java:57)org.apache.hc.client5.http.impl.classic.RedirectExec.execute(RedirectExec.java:115)org.apache.hc.client5.http.impl.classic.ExecChainElement.execute(ExecChainElement.java:51)org.apache.hc.client5.http.impl.classic.InternalHttpClient.doExecute(InternalHttpClient.java:170)org.apache.hc.client5.http.impl.classic.CloseableHttpClient.execute(CloseableHttpClient.java:75)org.apache.hc.client5.http.impl.classic.CloseableHttpClient.execute(CloseableHttpClient.java:89)io.github.bonigarcia.wdm.online.HttpClient.execute(HttpClient.java:158)io.github.bonigarcia.wdm.WebDriverManager.openGitHubConnection(WebDriverManager.java:1600)io.github.bonigarcia.wdm.WebDriverManager.getDriversFromGitHub(WebDriverManager.java:1614)io.github.bonigarcia.wdm.managers.InternetExplorerDriverManager.getDriverUrls(InternetExplorerDriverManager.java:98)io.github.bonigarcia.wdm.WebDriverManager.createUrlHandler(WebDriverManager.java:1437)io.github.bonigarcia.wdm.WebDriverManager.download(WebDriverManager.java:1272)io.github.bonigarcia.wdm.WebDriverManager.manage(WebDriverManager.java:1191)io.github.bonigarcia.wdm.WebDriverManager.fallback(WebDriverManager.java:1432)io.github.bonigarcia.wdm.WebDriverManager.handleException(WebDriverManager.java:1409)io.github.bonigarcia.wdm.WebDriverManager.manage(WebDriverManager.java:1197)io.github.bonigarcia.wdm.WebDriverManager.setup(WebDriverManager.java:417)com.amazone.testing.ReadingfromXml.launchApplication(ReadingfromXml.java:39)java.base/jdk.internal.reflect.DirectMethodHandleAccessor.invoke(DirectMethodHandleAccessor.java:104)java.base/java.lang.reflect.Method.invoke(Method.java:577)org.testng.internal.MethodInvocationHelper.invokeMethod(MethodInvocationHelper.java:133)org.testng.internal.MethodInvocationHelper.invokeMethodConsideringTimeout(MethodInvocationHelper.java:62)org.testng.internal.ConfigInvoker.invokeConfigurationMethod(ConfigInvoker.java:385)org.testng.internal.ConfigInvoker.invokeConfigurations(ConfigInvoker.java:321)org.testng.internal.TestMethodWorker.invokeBeforeClassMethods(TestMethodWorker.java:176)org.testng.internal.TestMethodWorker.run(TestMethodWorker.java:122)java.base/java.util.ArrayList.forEach(ArrayList.java:1511)org.testng.TestRunner.privateRun(TestRunner.java:794)org.testng.TestRunner.run(TestRunner.java:596)org.testng.SuiteRunner.runTest(SuiteRunner.java:377)org.testng.SuiteRunner.runSequentially(SuiteRunner.java:371)org.testng.SuiteRunner.privateRun(SuiteRunner.java:332)org.testng.SuiteRunner.run(SuiteRunner.java:276)org.testng.SuiteRunnerWorker.runSuite(SuiteRunnerWorker.java:53)org.testng.SuiteRunnerWorker.run(SuiteRunnerWorker.java:96)org.testng.TestNG.runSuitesSequentially(TestNG.java:1212)org.testng.TestNG.runSuitesLocally(TestNG.java:1134)org.testng.TestNG.runSuites(TestNG.java:1063)org.testng.TestNG.run(TestNG.java:1031)org.testng.remote.AbstractRemoteTestNG.run(AbstractRemoteTestNG.java:115)org.testng.remote.RemoteTestNG.initAndRun(RemoteTestNG.java:251)org.testng.remote.RemoteTestNG.main(RemoteTestNG.java:77)
                ]]>
            </failure>
    </testcase>

            <testcase
                name="facebook"
                time="0.0"
                classname="com.amazone.testing.ReadingfromXml">
            </testcase>

</testsuite>
