<?xml version="1.0" encoding="UTF-8"?>
<testsuite name="Function"
           tests="10"
           failures="1"
           errors="0"
           skipped="5"
           time="0.069">
    <properties></properties>

            <testcase
                name="login"
                time="0.003"
                classname="com.amazone.testing.Test3">

            <failure type="java.lang.Error" message="Unresolved compilation problem: 
	Syntax error on token &quot;)&quot;, delete this token
">
                <![CDATA[java.lang.Error: Unresolved compilation problem: 
	Syntax error on token ")", delete this token

                com.amazone.testing.Test3.login(Test3.java:29)java.base/jdk.internal.reflect.DirectMethodHandleAccessor.invoke(DirectMethodHandleAccessor.java:104)java.base/java.lang.reflect.Method.invoke(Method.java:577)org.testng.internal.MethodInvocationHelper.invokeMethod(MethodInvocationHelper.java:133)org.testng.internal.TestInvoker.invokeMethod(TestInvoker.java:598)org.testng.internal.TestInvoker.retryFailed(TestInvoker.java:213)org.testng.internal.MethodRunner.runInSequence(MethodRunner.java:58)org.testng.internal.TestInvoker$MethodInvocationAgent.invoke(TestInvoker.java:824)org.testng.internal.TestInvoker.invokeTestMethods(TestInvoker.java:146)org.testng.internal.TestMethodWorker.invokeTestMethods(TestMethodWorker.java:146)org.testng.internal.TestMethodWorker.run(TestMethodWorker.java:128)java.base/java.util.ArrayList.forEach(ArrayList.java:1511)org.testng.TestRunner.privateRun(TestRunner.java:794)org.testng.TestRunner.run(TestRunner.java:596)org.testng.SuiteRunner.runTest(SuiteRunner.java:377)org.testng.SuiteRunner.runSequentially(SuiteRunner.java:371)org.testng.SuiteRunner.privateRun(SuiteRunner.java:332)org.testng.SuiteRunner.run(SuiteRunner.java:276)org.testng.SuiteRunnerWorker.runSuite(SuiteRunnerWorker.java:53)org.testng.SuiteRunnerWorker.run(SuiteRunnerWorker.java:96)org.testng.TestNG.runSuitesSequentially(TestNG.java:1212)org.testng.TestNG.runSuitesLocally(TestNG.java:1134)org.testng.TestNG.runSuites(TestNG.java:1063)org.testng.TestNG.run(TestNG.java:1031)org.testng.remote.AbstractRemoteTestNG.run(AbstractRemoteTestNG.java:115)org.testng.remote.RemoteTestNG.initAndRun(RemoteTestNG.java:251)org.testng.remote.RemoteTestNG.main(RemoteTestNG.java:77)
]]>
            </failure>
    </testcase>

            <testcase
                name="login"
                time="0.0"
                classname="com.amazone.testing.Test3">
            </testcase>
            <testcase
                name="login"
                time="0.0"
                classname="com.amazone.testing.Test3">
            </testcase>
            <testcase
                name="login"
                time="0.0"
                classname="com.amazone.testing.Test3">
            </testcase>
            <testcase
                name="login"
                time="0.0"
                classname="com.amazone.testing.Test3">
            </testcase>
            <testcase
                name="login"
                time="0.0"
                classname="com.amazone.testing.Test3">
            </testcase>

            <testcase
                name="productDP"
                time="0.005"
                classname="com.amazone.testing.Test3">
            </testcase>
            <testcase
                name="signup"
                time="0.004"
                classname="com.amazone.testing.Test3">
            </testcase>
            <testcase
                name="homepage"
                time="0.014"
                classname="com.amazone.testing.Test3">
            </testcase>
            <testcase
                name="bookCategory"
                time="0.004"
                classname="com.amazone.testing.Test3">
            </testcase>
</testsuite>
