<?xml version="1.0" encoding="UTF-8"?>
<testsuite name="Default test"
           tests="4"
           failures="1"
           errors="0"
           skipped="3"
           time="0.016">
    <properties></properties>

            <testcase
                name="beforetest"
                time="0.016"
                classname="Test_Scenarios.TestMethods_GoogleSearch">

            <failure type="java.lang.Error" message="Unresolved compilation problems: 
	The method manage() is undefined for the type GoogleSearch
	The method get(String) is undefined for the type GoogleSearch
">
                <![CDATA[java.lang.Error: Unresolved compilation problems: 
	The method manage() is undefined for the type GoogleSearch
	The method get(String) is undefined for the type GoogleSearch

                Test_Scenarios.TestMethods_GoogleSearch.beforetest(TestMethods_GoogleSearch.java:34)java.base/jdk.internal.reflect.DirectMethodHandleAccessor.invoke(DirectMethodHandleAccessor.java:104)java.base/java.lang.reflect.Method.invoke(Method.java:577)org.testng.internal.MethodInvocationHelper.invokeMethod(MethodInvocationHelper.java:133)org.testng.internal.MethodInvocationHelper.invokeMethodConsideringTimeout(MethodInvocationHelper.java:62)org.testng.internal.ConfigInvoker.invokeConfigurationMethod(ConfigInvoker.java:385)org.testng.internal.ConfigInvoker.invokeConfigurations(ConfigInvoker.java:321)org.testng.TestRunner.invokeTestConfigurations(TestRunner.java:637)org.testng.TestRunner.beforeRun(TestRunner.java:627)org.testng.TestRunner.run(TestRunner.java:589)org.testng.SuiteRunner.runTest(SuiteRunner.java:377)org.testng.SuiteRunner.runSequentially(SuiteRunner.java:371)org.testng.SuiteRunner.privateRun(SuiteRunner.java:332)org.testng.SuiteRunner.run(SuiteRunner.java:276)org.testng.SuiteRunnerWorker.runSuite(SuiteRunnerWorker.java:53)org.testng.SuiteRunnerWorker.run(SuiteRunnerWorker.java:96)org.testng.TestNG.runSuitesSequentially(TestNG.java:1212)org.testng.TestNG.runSuitesLocally(TestNG.java:1134)org.testng.TestNG.runSuites(TestNG.java:1063)org.testng.TestNG.run(TestNG.java:1031)org.testng.remote.AbstractRemoteTestNG.run(AbstractRemoteTestNG.java:115)org.testng.remote.RemoteTestNG.initAndRun(RemoteTestNG.java:251)org.testng.remote.RemoteTestNG.main(RemoteTestNG.java:77)
]]>
            </failure>
    </testcase>

            <testcase
                name="searchOperation"
                time="0.0"
                classname="Test_Scenarios.TestMethods_GoogleSearch">
            </testcase>
            <testcase
                name="VerifyAndAccessFacebook"
                time="0.0"
                classname="Test_Scenarios.TestMethods_GoogleSearch">
            </testcase>
            <testcase
                name="VerifyLogin"
                time="0.0"
                classname="Test_Scenarios.TestMethods_GoogleSearch">
            </testcase>

</testsuite>
