<?xml version="1.0" encoding="UTF-8"?>
<testng-results ignored="0" total="1" passed="1" failed="0" skipped="0">
  <reporter-output>
  </reporter-output>
  <suite started-at="2022-08-30T11:22:17 IST" name="Default suite" finished-at="2022-08-30T11:22:46 IST" duration-ms="28532">
    <groups>
    </groups>
    <test started-at="2022-08-30T11:22:17 IST" name="Default test" finished-at="2022-08-30T11:22:46 IST" duration-ms="28532">
      <class name="com.gmail.tests.TestLoginAndSignUp">
        <test-method is-config="true" signature="beforeClass(java.lang.String)[pri:0, instance:com.gmail.tests.TestLoginAndSignUp@4550bb58]" started-at="2022-08-30T11:22:17 IST" name="beforeClass" finished-at="2022-08-30T11:22:34 IST" duration-ms="16208" status="PASS">
          <params>
            <param index="0">
              <value>
                <![CDATA[firefox]]>
              </value>
            </param>
          </params>
          <reporter-output>
          </reporter-output>
        </test-method> <!-- beforeClass -->
        <test-method signature="testloginSignupForPersonalAccount()[pri:0, instance:com.gmail.tests.TestLoginAndSignUp@4550bb58]" started-at="2022-08-30T11:22:34 IST" name="testloginSignupForPersonalAccount" finished-at="2022-08-30T11:22:45 IST" duration-ms="11876" status="PASS">
          <reporter-output>
          </reporter-output>
        </test-method> <!-- testloginSignupForPersonalAccount -->
      </class> <!-- com.gmail.tests.TestLoginAndSignUp -->
    </test> <!-- Default test -->
  </suite> <!-- Default suite -->
</testng-results>
